  Game.cpp
C:\Users\Loucas Viens\Documents\GitHub\TP1-ProgrammationObjet\Code\Game.h(12,8): error C3646: '_snake' : spécificateur de substitution inconnu
C:\Users\Loucas Viens\Documents\GitHub\TP1-ProgrammationObjet\Code\Game.h(12,14): error C4430: spécificateur de type manquant - int est pris en compte par défaut. Remarque : C++ ne prend pas en charge int par défaut
C:\Users\Loucas Viens\Documents\GitHub\TP1-ProgrammationObjet\Code\Game.h(13,8): error C3646: '_apple' : spécificateur de substitution inconnu
C:\Users\Loucas Viens\Documents\GitHub\TP1-ProgrammationObjet\Code\Game.h(13,14): error C4430: spécificateur de type manquant - int est pris en compte par défaut. Remarque : C++ ne prend pas en charge int par défaut
C:\Users\Loucas Viens\Documents\GitHub\TP1-ProgrammationObjet\Code\Game.h(14,7): error C3646: '_plateau' : spécificateur de substitution inconnu
C:\Users\Loucas Viens\Documents\GitHub\TP1-ProgrammationObjet\Code\Game.h(14,15): error C4430: spécificateur de type manquant - int est pris en compte par défaut. Remarque : C++ ne prend pas en charge int par défaut
C:\Users\Loucas Viens\Documents\GitHub\TP1-ProgrammationObjet\Code\Game.cpp(49,18): error C3867: 'Game::parametersMenu' : syntaxe non-standard ; utilisez '&' pour créer un pointeur vers un membre
C:\Users\Loucas Viens\Documents\GitHub\TP1-ProgrammationObjet\Code\Game.cpp(52,8): error C3867: 'Game::play' : syntaxe non-standard ; utilisez '&' pour créer un pointeur vers un membre
C:\Users\Loucas Viens\Documents\GitHub\TP1-ProgrammationObjet\Code\Game.cpp(80,17): error C3867: 'Game::loadParameters' : syntaxe non-standard ; utilisez '&' pour créer un pointeur vers un membre
C:\Users\Loucas Viens\Documents\GitHub\TP1-ProgrammationObjet\Code\Game.cpp(264,18): error C3867: 'Game::saveParameters' : syntaxe non-standard ; utilisez '&' pour créer un pointeur vers un membre
C:\Users\Loucas Viens\Documents\GitHub\TP1-ProgrammationObjet\Code\Game.cpp(275,22): error C3867: 'Game::parametersMenu' : syntaxe non-standard ; utilisez '&' pour créer un pointeur vers un membre
C:\Users\Loucas Viens\Documents\GitHub\TP1-ProgrammationObjet\Code\Game.cpp(283,13): error C3867: 'Game::drawScreen' : syntaxe non-standard ; utilisez '&' pour créer un pointeur vers un membre
C:\Users\Loucas Viens\Documents\GitHub\TP1-ProgrammationObjet\Code\Game.cpp(284,13): error C3867: 'Game::printScore' : syntaxe non-standard ; utilisez '&' pour créer un pointeur vers un membre
C:\Users\Loucas Viens\Documents\GitHub\TP1-ProgrammationObjet\Code\Game.cpp(285,12): error C3867: 'Game::printLive' : syntaxe non-standard ; utilisez '&' pour créer un pointeur vers un membre
C:\Users\Loucas Viens\Documents\GitHub\TP1-ProgrammationObjet\Code\Game.cpp(286,11): error C3867: 'Game::inputKey' : syntaxe non-standard ; utilisez '&' pour créer un pointeur vers un membre
C:\Users\Loucas Viens\Documents\GitHub\TP1-ProgrammationObjet\Code\Game.cpp(289,21): error C2065: '_snake' : identificateur non déclaré
C:\Users\Loucas Viens\Documents\GitHub\TP1-ProgrammationObjet\Code\Game.cpp(290,8): error C2065: '_snake' : identificateur non déclaré
C:\Users\Loucas Viens\Documents\GitHub\TP1-ProgrammationObjet\Code\Game.cpp(293,14): error C3867: 'Game::printLive' : syntaxe non-standard ; utilisez '&' pour créer un pointeur vers un membre
C:\Users\Loucas Viens\Documents\GitHub\TP1-ProgrammationObjet\Code\Game.cpp(300,16): error C3867: 'Game::drawScreen' : syntaxe non-standard ; utilisez '&' pour créer un pointeur vers un membre
C:\Users\Loucas Viens\Documents\GitHub\TP1-ProgrammationObjet\Code\Game.cpp(301,18): error C3867: 'Game::randPosition' : syntaxe non-standard ; utilisez '&' pour créer un pointeur vers un membre
C:\Users\Loucas Viens\Documents\GitHub\TP1-ProgrammationObjet\Code\Game.cpp(304,32): error C2065: '_apple' : identificateur non déclaré
C:\Users\Loucas Viens\Documents\GitHub\TP1-ProgrammationObjet\Code\Game.cpp(304,68): error C2065: '_apple' : identificateur non déclaré
C:\Users\Loucas Viens\Documents\GitHub\TP1-ProgrammationObjet\Code\Game.cpp(306,5): error C2065: '_snake' : identificateur non déclaré
C:\Users\Loucas Viens\Documents\GitHub\TP1-ProgrammationObjet\Code\Game.cpp(307,15): error C3867: 'Game::printScore' : syntaxe non-standard ; utilisez '&' pour créer un pointeur vers un membre
C:\Users\Loucas Viens\Documents\GitHub\TP1-ProgrammationObjet\Code\Game.cpp(308,17): error C3867: 'Game::randPosition' : syntaxe non-standard ; utilisez '&' pour créer un pointeur vers un membre
C:\Users\Loucas Viens\Documents\GitHub\TP1-ProgrammationObjet\Code\Game.cpp(312,5): error C2065: '_snake' : identificateur non déclaré
C:\Users\Loucas Viens\Documents\GitHub\TP1-ProgrammationObjet\Code\Game.cpp(315,4): error C2065: '_snake' : identificateur non déclaré
C:\Users\Loucas Viens\Documents\GitHub\TP1-ProgrammationObjet\Code\Game.cpp(320,14): error C3867: 'Game::printEndGame' : syntaxe non-standard ; utilisez '&' pour créer un pointeur vers un membre
C:\Users\Loucas Viens\Documents\GitHub\TP1-ProgrammationObjet\Code\Game.cpp(321,11): error C3867: 'Game::StartMenu' : syntaxe non-standard ; utilisez '&' pour créer un pointeur vers un membre
C:\Users\Loucas Viens\Documents\GitHub\TP1-ProgrammationObjet\Code\Game.cpp(360,2): error C2065: '_plateau' : identificateur non déclaré
C:\Users\Loucas Viens\Documents\GitHub\TP1-ProgrammationObjet\Code\Game.cpp(441,11): error C3867: 'Game::StartMenu' : syntaxe non-standard ; utilisez '&' pour créer un pointeur vers un membre
C:\Users\Loucas Viens\Documents\GitHub\TP1-ProgrammationObjet\Code\Game.cpp(450,2): error C2065: '_apple' : identificateur non déclaré
  mesFonctions.cpp
  Génération de code en cours...
